[debug] [2021-05-02T12:46:18.273Z] ----------------------------------------------------------------------
[debug] [2021-05-02T12:46:18.276Z] Command:       C:\Program Files\nodejs\node.exe C:\Users\nicky\AppData\Roaming\npm\node_modules\firebase-tools\lib\bin\firebase.js init
[debug] [2021-05-02T12:46:18.276Z] CLI Version:   9.10.0
[debug] [2021-05-02T12:46:18.276Z] Platform:      win32
[debug] [2021-05-02T12:46:18.276Z] Node Version:  v14.16.1
[debug] [2021-05-02T12:46:18.277Z] Time:          Sun May 02 2021 19:46:18 GMT+0700 (Indochina Time)
[debug] [2021-05-02T12:46:18.277Z] ----------------------------------------------------------------------
[debug] 
[debug] [2021-05-02T12:46:18.284Z] > command requires scopes: ["email","openid","https://www.googleapis.com/auth/cloudplatformprojects.readonly","https://www.googleapis.com/auth/firebase","https://www.googleapis.com/auth/cloud-platform"]
[debug] [2021-05-02T12:46:18.284Z] > authorizing via signed-in user (nicky.santano@gmail.com)
[info] 
     ######## #### ########  ######## ########     ###     ######  ########
     ##        ##  ##     ## ##       ##     ##  ##   ##  ##       ##
     ######    ##  ########  ######   ########  #########  ######  ######
     ##        ##  ##    ##  ##       ##     ## ##     ##       ## ##
     ##       #### ##     ## ######## ########  ##     ##  ######  ########

You're about to initialize a Firebase project in this directory:

  F:\Important Stuff\portfolio-website

[info] 
=== Project Setup
[info] 
[info] First, let's associate this project directory with a Firebase project.
[info] You can create multiple project aliases by running firebase use --add, 
[info] but for now we'll just set up a default project.
[info] 
[debug] [2021-05-02T12:47:36.945Z] >>> [apiv2][query] GET https://firebase.googleapis.com/v1beta1/projects pageSize=100
[debug] [2021-05-02T12:47:37.666Z] <<< [apiv2][status] GET https://firebase.googleapis.com/v1beta1/projects 200
[debug] [2021-05-02T12:47:37.666Z] <<< [apiv2][body] GET https://firebase.googleapis.com/v1beta1/projects [omitted]
[info] i  Using project portfolio-website-3d144 (portfolio-website) 
[info] 
=== Hosting Setup
[info] 
[info] Your public directory is the folder (relative to your project directory) that
[info] will contain Hosting assets to be uploaded with firebase deploy. If you
[info] have a build process for your assets, use your build's output directory.
[info] 
